<?xml version="1.0" encoding="UTF-8"?>
<!-- Generated by org.testng.reporters.JUnitReportReporter -->
<testsuite skipped="0" hostname="Gabi" name="d.renderer.tetrahedron.AppTest" tests="1" failures="0" timestamp="02 Jun 2018 08:32:36 GMT" time="0.673" errors="0">
  <testcase name="setupWindow" time="0.673" classname="d.renderer.tetrahedron.AppTest"/>
</testsuite> <!-- d.renderer.tetrahedron.AppTest -->
